Build started 14/12/2018 21:02:54.
     1>Project "c:\Users\albertus heronius\documents\visual studio 2010\Projects\strukdata-bifest\strukdata-bifest\strukdata-bifest.vcxproj" on node 2 (build target(s)).
     1>PrepareForBuild:
         Creating directory "c:\users\albertus heronius\documents\visual studio 2010\Projects\strukdata-bifest\Debug\".
       InitializeBuildStatus:
         Creating "Debug\strukdata-bifest.unsuccessfulbuild" because "AlwaysCreate" was specified.
       ClCompile:
         c:\Program Files (x86)\Microsoft Visual Studio 10.0\VC\bin\CL.exe /c /ZI /nologo /W3 /WX- /Od /Oy- /D _MBCS /Gm /EHsc /RTC1 /MDd /GS /fp:precise /Zc:wchar_t /Zc:forScope /Fo"Debug\\" /Fd"Debug\vc100.pdb" /Gd /TP /analyze- /errorReport:prompt "strukdata-bifest.cpp"
         strukdata-bifest.cpp
     1>c:\users\albertus heronius\documents\visual studio 2010\projects\strukdata-bifest\strukdata-bifest\strukdata-bifest.cpp(149): warning C4996: 'strcpy': This function or variable may be unsafe. Consider using strcpy_s instead. To disable deprecation, use _CRT_SECURE_NO_WARNINGS. See online help for details.
                 c:\program files (x86)\microsoft visual studio 10.0\vc\include\string.h(105) : see declaration of 'strcpy'
     1>c:\users\albertus heronius\documents\visual studio 2010\projects\strukdata-bifest\strukdata-bifest\strukdata-bifest.cpp(212): warning C4244: 'argument' : conversion from 'time_t' to 'unsigned int', possible loss of data
     1>c:\users\albertus heronius\documents\visual studio 2010\projects\strukdata-bifest\strukdata-bifest\strukdata-bifest.cpp(269): warning C4996: 'strcpy': This function or variable may be unsafe. Consider using strcpy_s instead. To disable deprecation, use _CRT_SECURE_NO_WARNINGS. See online help for details.
                 c:\program files (x86)\microsoft visual studio 10.0\vc\include\string.h(105) : see declaration of 'strcpy'
     1>c:\users\albertus heronius\documents\visual studio 2010\projects\strukdata-bifest\strukdata-bifest\strukdata-bifest.cpp(207): warning C4101: 'tmp1' : unreferenced local variable
       Link:
         c:\Program Files (x86)\Microsoft Visual Studio 10.0\VC\bin\link.exe /ERRORREPORT:PROMPT /OUT:"c:\users\albertus heronius\documents\visual studio 2010\Projects\strukdata-bifest\Debug\strukdata-bifest.exe" /NOLOGO kernel32.lib user32.lib gdi32.lib winspool.lib comdlg32.lib advapi32.lib shell32.lib ole32.lib oleaut32.lib uuid.lib odbc32.lib odbccp32.lib /MANIFEST /ManifestFile:"Debug\strukdata-bifest.exe.intermediate.manifest" /MANIFESTUAC:"level='asInvoker' uiAccess='false'" /DEBUG /PDB:"c:\users\albertus heronius\documents\visual studio 2010\Projects\strukdata-bifest\Debug\strukdata-bifest.pdb" /TLBID:1 /DYNAMICBASE /NXCOMPAT /IMPLIB:"c:\users\albertus heronius\documents\visual studio 2010\Projects\strukdata-bifest\Debug\strukdata-bifest.lib" /MACHINE:X86 "Debug\strukdata-bifest.obj"
         strukdata-bifest.vcxproj -> c:\users\albertus heronius\documents\visual studio 2010\Projects\strukdata-bifest\Debug\strukdata-bifest.exe
       Manifest:
         C:\Program Files (x86)\Microsoft SDKs\Windows\v7.0A\bin\mt.exe /nologo /verbose /outputresource:"c:\users\albertus heronius\documents\visual studio 2010\Projects\strukdata-bifest\Debug\strukdata-bifest.exe;#1" /manifest "Debug\strukdata-bifest.exe.intermediate.manifest"
       FinalizeBuildStatus:
         Deleting file "Debug\strukdata-bifest.unsuccessfulbuild".
         Touching "Debug\strukdata-bifest.lastbuildstate".
     1>Done Building Project "c:\Users\albertus heronius\documents\visual studio 2010\Projects\strukdata-bifest\strukdata-bifest\strukdata-bifest.vcxproj" (build target(s)).

Build succeeded.

Time Elapsed 00:00:05.05
